<?xml version="1.0" encoding="utf-8"?><testsuites name="pytest tests"><testsuite name="pytest" errors="0" failures="0" skipped="0" tests="17" time="3.386" timestamp="2026-02-21T12:16:15.781312+00:00" hostname="agent-env-875e1aa0-0fbb-4480-90bd-1332ada8c149"><testcase classname="backend.tests.test_workout_api.TestHealthAndRoot" name="test_root_endpoint" time="0.185" /><testcase classname="backend.tests.test_workout_api.TestWorkoutPlans" name="test_get_all_workout_plans_returns_3_days" time="0.164" /><testcase classname="backend.tests.test_workout_api.TestWorkoutPlans" name="test_workout_plans_have_correct_structure" time="0.119" /><testcase classname="backend.tests.test_workout_api.TestWorkoutPlans" name="test_workout_plans_ordered_by_day" time="0.141" /><testcase classname="backend.tests.test_workout_api.TestWorkoutPlans" name="test_all_days_have_addominali_exercise" time="0.103" /><testcase classname="backend.tests.test_workout_api.TestWorkoutPlans" name="test_get_individual_workout_plan" time="0.325" /><testcase classname="backend.tests.test_workout_api.TestWorkoutPlans" name="test_get_nonexistent_plan_returns_404" time="0.100" /><testcase classname="backend.tests.test_workout_api.TestExerciseUpdate" name="test_update_exercise_name_permanently" time="0.482" /><testcase classname="backend.tests.test_workout_api.TestExerciseUpdate" name="test_update_exercise_load_permanently" time="0.479" /><testcase classname="backend.tests.test_workout_api.TestExerciseUpdate" name="test_update_nonexistent_exercise_returns_404" time="0.113" /><testcase classname="backend.tests.test_workout_api.TestExerciseLogs" name="test_create_and_get_exercise_log" time="0.213" /><testcase classname="backend.tests.test_workout_api.TestWorkoutSessions" name="test_create_workout_session_with_report" time="0.129" /><testcase classname="backend.tests.test_workout_api.TestWorkoutSessions" name="test_get_workout_sessions" time="0.108" /><testcase classname="backend.tests.test_workout_api.TestWorkoutSessions" name="test_get_individual_session" time="0.241" /><testcase classname="backend.tests.test_workout_api.TestWorkoutSessions" name="test_get_nonexistent_session_returns_404" time="0.108" /><testcase classname="backend.tests.test_workout_api.TestNextWorkout" name="test_get_next_workout" time="0.141" /><testcase classname="backend.tests.test_workout_api.TestSeedEndpoint" name="test_seed_endpoint_exists" time="0.108" /></testsuite></testsuites>