<?xml version="1.0" encoding="utf-8"?><testsuites name="pytest tests"><testsuite name="pytest" errors="0" failures="0" skipped="0" tests="22" time="4.968" timestamp="2026-02-21T13:05:39.293626+00:00" hostname="agent-env-875e1aa0-0fbb-4480-90bd-1332ada8c149"><testcase classname="backend.tests.test_multiuser_api.TestProfiles" name="test_get_profiles_returns_3_users" time="0.253" /><testcase classname="backend.tests.test_multiuser_api.TestProfiles" name="test_profile_colors_are_correct" time="0.111" /><testcase classname="backend.tests.test_multiuser_api.TestWorkoutPlansMultiUser" name="test_get_workout_plans_requires_user_id" time="0.112" /><testcase classname="backend.tests.test_multiuser_api.TestWorkoutPlansMultiUser" name="test_get_andrea_workout_plans" time="0.100" /><testcase classname="backend.tests.test_multiuser_api.TestWorkoutPlansMultiUser" name="test_get_roy_workout_plans" time="0.156" /><testcase classname="backend.tests.test_multiuser_api.TestWorkoutPlansMultiUser" name="test_get_romi_workout_plans" time="0.121" /><testcase classname="backend.tests.test_multiuser_api.TestWorkoutPlansMultiUser" name="test_data_isolation_between_users" time="0.222" /><testcase classname="backend.tests.test_multiuser_api.TestWorkoutDaysCRUD" name="test_get_individual_day_requires_user_id" time="0.144" /><testcase classname="backend.tests.test_multiuser_api.TestWorkoutDaysCRUD" name="test_get_day_1_for_andrea" time="0.114" /><testcase classname="backend.tests.test_multiuser_api.TestWorkoutDaysCRUD" name="test_create_day_max_4_enforced" time="0.610" /><testcase classname="backend.tests.test_multiuser_api.TestWorkoutDaysCRUD" name="test_delete_day_requires_user_id" time="0.099" /><testcase classname="backend.tests.test_multiuser_api.TestExercisesCRUD" name="test_add_exercise_to_day" time="0.325" /><testcase classname="backend.tests.test_multiuser_api.TestExercisesCRUD" name="test_update_exercise" time="0.488" /><testcase classname="backend.tests.test_multiuser_api.TestExercisesCRUD" name="test_delete_exercise" time="0.311" /><testcase classname="backend.tests.test_multiuser_api.TestExercisesCRUD" name="test_update_exercise_load" time="0.427" /><testcase classname="backend.tests.test_multiuser_api.TestExerciseLogs" name="test_create_exercise_log" time="0.127" /><testcase classname="backend.tests.test_multiuser_api.TestExerciseLogs" name="test_get_exercise_logs" time="0.115" /><testcase classname="backend.tests.test_multiuser_api.TestWorkoutSessions" name="test_create_workout_session" time="0.117" /><testcase classname="backend.tests.test_multiuser_api.TestWorkoutSessions" name="test_get_workout_sessions_for_user" time="0.105" /><testcase classname="backend.tests.test_multiuser_api.TestWorkoutSessions" name="test_get_individual_session" time="0.212" /><testcase classname="backend.tests.test_multiuser_api.TestNextWorkout" name="test_get_next_workout_for_user" time="0.104" /><testcase classname="backend.tests.test_multiuser_api.TestSeedEndpoint" name="test_seed_creates_data_for_all_users" time="0.452" /></testsuite></testsuites>